2025-12-19 13:47:02,459 - INFO - Running on device: cuda
2025-12-19 13:47:03,133 - INFO - Starting training from episode 0...
2025-12-19 13:47:03,967 - INFO - Episode 0, Total Reward: -205.60, Epsilon: 1.00, Steps: 300
2025-12-19 13:47:04,041 - INFO - Checkpoint saved to checkpoint.pth
2025-12-19 13:47:46,392 - INFO - Episode 50, Total Reward: -207.30, Epsilon: 0.97, Steps: 300
2025-12-19 13:47:46,471 - INFO - Checkpoint saved to checkpoint.pth
2025-12-19 13:48:31,879 - INFO - Episode 100, Total Reward: -218.85, Epsilon: 0.95, Steps: 300
2025-12-19 13:48:31,969 - INFO - Checkpoint saved to checkpoint.pth
2025-12-19 13:49:16,842 - INFO - Episode 150, Total Reward: -211.50, Epsilon: 0.93, Steps: 300
2025-12-19 13:49:16,923 - INFO - Checkpoint saved to checkpoint.pth
2025-12-19 13:50:02,331 - INFO - Episode 200, Total Reward: -213.40, Epsilon: 0.90, Steps: 300
2025-12-19 13:50:02,405 - INFO - Checkpoint saved to checkpoint.pth
2025-12-19 13:50:48,710 - INFO - Episode 250, Total Reward: -218.00, Epsilon: 0.88, Steps: 300
2025-12-19 13:50:48,785 - INFO - Checkpoint saved to checkpoint.pth
2025-12-19 13:51:32,397 - INFO - Episode 300, Total Reward: -216.30, Epsilon: 0.86, Steps: 300
2025-12-19 13:51:32,486 - INFO - Checkpoint saved to checkpoint.pth
2025-12-19 13:52:18,467 - INFO - Episode 350, Total Reward: -196.35, Epsilon: 0.84, Steps: 300
2025-12-19 13:52:18,569 - INFO - Checkpoint saved to checkpoint.pth
2025-12-19 13:53:04,691 - INFO - Episode 400, Total Reward: -193.30, Epsilon: 0.82, Steps: 300
2025-12-19 13:53:04,781 - INFO - Checkpoint saved to checkpoint.pth
2025-12-19 13:53:50,615 - INFO - Episode 450, Total Reward: -201.40, Epsilon: 0.80, Steps: 300
2025-12-19 13:53:50,733 - INFO - Checkpoint saved to checkpoint.pth
2025-12-19 13:54:35,633 - INFO - Episode 500, Total Reward: -206.80, Epsilon: 0.78, Steps: 300
2025-12-19 13:54:35,756 - INFO - Checkpoint saved to checkpoint.pth
2025-12-19 13:55:19,583 - INFO - Episode 550, Total Reward: -197.25, Epsilon: 0.76, Steps: 300
2025-12-19 13:55:19,671 - INFO - Checkpoint saved to checkpoint.pth
2025-12-19 13:56:04,310 - INFO - Episode 600, Total Reward: -188.70, Epsilon: 0.74, Steps: 300
2025-12-19 13:56:04,384 - INFO - Checkpoint saved to checkpoint.pth
2025-12-19 13:56:51,227 - INFO - Episode 650, Total Reward: -215.40, Epsilon: 0.72, Steps: 300
2025-12-19 13:56:51,305 - INFO - Checkpoint saved to checkpoint.pth
2025-12-19 13:57:32,476 - INFO - Episode 700, Total Reward: -206.35, Epsilon: 0.70, Steps: 300
2025-12-19 13:57:32,558 - INFO - Checkpoint saved to checkpoint.pth
2025-12-19 13:58:16,061 - INFO - Episode 750, Total Reward: -60.65, Epsilon: 0.69, Steps: 131
2025-12-19 13:58:16,156 - INFO - Checkpoint saved to checkpoint.pth
2025-12-19 13:58:58,412 - INFO - Episode 800, Total Reward: -89.35, Epsilon: 0.67, Steps: 191
2025-12-19 13:58:58,516 - INFO - Checkpoint saved to checkpoint.pth
2025-12-19 13:59:43,303 - INFO - Episode 850, Total Reward: -218.45, Epsilon: 0.65, Steps: 300
2025-12-19 13:59:43,383 - INFO - Checkpoint saved to checkpoint.pth
2025-12-19 14:00:27,337 - INFO - Episode 900, Total Reward: 0.00, Epsilon: 0.64, Steps: 41
2025-12-19 14:00:27,431 - INFO - Checkpoint saved to checkpoint.pth
2025-12-19 14:01:10,874 - INFO - Episode 950, Total Reward: -231.45, Epsilon: 0.62, Steps: 300
2025-12-19 14:01:10,953 - INFO - Checkpoint saved to checkpoint.pth
2025-12-19 14:01:52,282 - INFO - Episode 1000, Total Reward: -195.30, Epsilon: 0.61, Steps: 300
2025-12-19 14:01:52,368 - INFO - Checkpoint saved to checkpoint.pth
2025-12-19 14:02:36,411 - INFO - Episode 1050, Total Reward: -159.05, Epsilon: 0.59, Steps: 290
2025-12-19 14:02:36,540 - INFO - Checkpoint saved to checkpoint.pth
2025-12-19 14:03:19,265 - INFO - Episode 1100, Total Reward: -182.90, Epsilon: 0.58, Steps: 300
2025-12-19 14:03:19,350 - INFO - Checkpoint saved to checkpoint.pth
2025-12-19 14:03:59,222 - INFO - Episode 1150, Total Reward: -57.40, Epsilon: 0.56, Steps: 122
2025-12-19 14:03:59,282 - INFO - Checkpoint saved to checkpoint.pth
2025-12-19 14:04:38,157 - INFO - Episode 1200, Total Reward: -175.80, Epsilon: 0.55, Steps: 300
2025-12-19 14:04:38,248 - INFO - Checkpoint saved to checkpoint.pth
2025-12-19 14:05:18,795 - INFO - Episode 1250, Total Reward: -174.70, Epsilon: 0.53, Steps: 300
2025-12-19 14:05:18,864 - INFO - Checkpoint saved to checkpoint.pth
2025-12-19 14:06:00,166 - INFO - Episode 1300, Total Reward: -188.40, Epsilon: 0.52, Steps: 300
2025-12-19 14:06:00,254 - INFO - Checkpoint saved to checkpoint.pth
2025-12-19 14:06:40,105 - INFO - Episode 1350, Total Reward: -167.65, Epsilon: 0.51, Steps: 300
2025-12-19 14:06:40,182 - INFO - Checkpoint saved to checkpoint.pth
2025-12-19 14:07:17,913 - INFO - Episode 1400, Total Reward: -199.40, Epsilon: 0.50, Steps: 300
2025-12-19 14:07:17,994 - INFO - Checkpoint saved to checkpoint.pth
2025-12-19 14:08:04,207 - INFO - Episode 1450, Total Reward: -221.35, Epsilon: 0.48, Steps: 300
2025-12-19 14:08:04,295 - INFO - Checkpoint saved to checkpoint.pth
2025-12-19 14:08:50,054 - INFO - Episode 1500, Total Reward: -177.00, Epsilon: 0.47, Steps: 300
2025-12-19 14:08:50,131 - INFO - Checkpoint saved to checkpoint.pth
2025-12-19 14:09:25,622 - INFO - Episode 1550, Total Reward: -171.65, Epsilon: 0.46, Steps: 300
2025-12-19 14:09:25,696 - INFO - Checkpoint saved to checkpoint.pth
2025-12-19 14:10:04,471 - INFO - Episode 1600, Total Reward: -169.55, Epsilon: 0.45, Steps: 300
2025-12-19 14:10:04,552 - INFO - Checkpoint saved to checkpoint.pth
2025-12-19 14:10:46,573 - INFO - Episode 1650, Total Reward: -176.15, Epsilon: 0.44, Steps: 299
2025-12-19 14:10:46,645 - INFO - Checkpoint saved to checkpoint.pth
2025-12-19 14:11:24,193 - INFO - Episode 1700, Total Reward: -179.75, Epsilon: 0.43, Steps: 300
2025-12-19 14:11:24,301 - INFO - Checkpoint saved to checkpoint.pth
2025-12-19 14:11:59,867 - INFO - Episode 1750, Total Reward: -177.55, Epsilon: 0.42, Steps: 300
2025-12-19 14:12:00,000 - INFO - Checkpoint saved to checkpoint.pth
2025-12-19 14:12:40,264 - INFO - Episode 1800, Total Reward: -36.40, Epsilon: 0.41, Steps: 145
2025-12-19 14:12:40,345 - INFO - Checkpoint saved to checkpoint.pth
2025-12-19 14:13:23,359 - INFO - Episode 1850, Total Reward: -168.95, Epsilon: 0.40, Steps: 300
2025-12-19 14:13:23,487 - INFO - Checkpoint saved to checkpoint.pth
2025-12-19 14:14:04,249 - INFO - Episode 1900, Total Reward: -5.00, Epsilon: 0.39, Steps: 40
2025-12-19 14:14:04,333 - INFO - Checkpoint saved to checkpoint.pth
2025-12-19 14:14:48,178 - INFO - Episode 1950, Total Reward: -180.25, Epsilon: 0.38, Steps: 300
2025-12-19 14:14:48,262 - INFO - Checkpoint saved to checkpoint.pth
2025-12-19 14:15:25,995 - INFO - Episode 2000, Total Reward: -214.35, Epsilon: 0.37, Steps: 300
2025-12-19 14:15:26,087 - INFO - Checkpoint saved to checkpoint.pth
2025-12-19 14:16:14,880 - INFO - Episode 2050, Total Reward: -199.50, Epsilon: 0.36, Steps: 300
2025-12-19 14:16:14,957 - INFO - Checkpoint saved to checkpoint.pth
2025-12-19 14:16:55,734 - INFO - Episode 2100, Total Reward: -189.55, Epsilon: 0.35, Steps: 300
2025-12-19 14:16:55,826 - INFO - Checkpoint saved to checkpoint.pth
2025-12-19 14:17:37,097 - INFO - Episode 2150, Total Reward: -200.55, Epsilon: 0.34, Steps: 300
2025-12-19 14:17:37,182 - INFO - Checkpoint saved to checkpoint.pth
2025-12-19 14:18:17,487 - INFO - Episode 2200, Total Reward: -175.65, Epsilon: 0.33, Steps: 300
2025-12-19 14:18:17,584 - INFO - Checkpoint saved to checkpoint.pth
2025-12-19 14:18:54,926 - INFO - Episode 2250, Total Reward: -81.50, Epsilon: 0.32, Steps: 173
2025-12-19 14:18:55,002 - INFO - Checkpoint saved to checkpoint.pth
2025-12-19 14:19:39,307 - INFO - Episode 2300, Total Reward: -191.65, Epsilon: 0.32, Steps: 300
2025-12-19 14:19:39,382 - INFO - Checkpoint saved to checkpoint.pth
2025-12-19 14:20:16,372 - INFO - Episode 2350, Total Reward: -167.45, Epsilon: 0.31, Steps: 300
2025-12-19 14:20:16,470 - INFO - Checkpoint saved to checkpoint.pth
2025-12-19 14:20:55,923 - INFO - Episode 2400, Total Reward: -210.45, Epsilon: 0.30, Steps: 300
2025-12-19 14:20:55,984 - INFO - Checkpoint saved to checkpoint.pth
2025-12-19 14:21:33,814 - INFO - Episode 2450, Total Reward: -212.15, Epsilon: 0.29, Steps: 300
2025-12-19 14:21:33,895 - INFO - Checkpoint saved to checkpoint.pth
2025-12-19 14:22:14,013 - INFO - Episode 2500, Total Reward: -191.70, Epsilon: 0.29, Steps: 300
2025-12-19 14:22:14,148 - INFO - Checkpoint saved to checkpoint.pth
2025-12-19 14:22:53,687 - INFO - Episode 2550, Total Reward: -153.85, Epsilon: 0.28, Steps: 300
2025-12-19 14:22:53,786 - INFO - Checkpoint saved to checkpoint.pth
2025-12-19 14:23:35,911 - INFO - Episode 2600, Total Reward: -158.25, Epsilon: 0.27, Steps: 300
2025-12-19 14:23:35,984 - INFO - Checkpoint saved to checkpoint.pth
2025-12-19 14:24:21,762 - INFO - Episode 2650, Total Reward: -160.50, Epsilon: 0.27, Steps: 300
2025-12-19 14:24:21,841 - INFO - Checkpoint saved to checkpoint.pth
2025-12-19 14:24:55,808 - INFO - Episode 2700, Total Reward: 18.25, Epsilon: 0.26, Steps: 8
2025-12-19 14:24:55,881 - INFO - Checkpoint saved to checkpoint.pth
2025-12-19 14:25:29,156 - INFO - Episode 2750, Total Reward: -162.35, Epsilon: 0.25, Steps: 300
2025-12-19 14:25:29,282 - INFO - Checkpoint saved to checkpoint.pth
2025-12-19 14:26:08,624 - INFO - Episode 2800, Total Reward: -101.35, Epsilon: 0.25, Steps: 210
2025-12-19 14:26:08,729 - INFO - Checkpoint saved to checkpoint.pth
2025-12-19 14:26:45,138 - INFO - Episode 2850, Total Reward: -148.35, Epsilon: 0.24, Steps: 286
2025-12-19 14:26:45,245 - INFO - Checkpoint saved to checkpoint.pth
2025-12-19 14:27:24,578 - INFO - Episode 2900, Total Reward: -234.35, Epsilon: 0.23, Steps: 300
2025-12-19 14:27:24,717 - INFO - Checkpoint saved to checkpoint.pth
2025-12-19 14:28:02,094 - INFO - Episode 2950, Total Reward: -1.90, Epsilon: 0.23, Steps: 49
2025-12-19 14:28:02,285 - INFO - Checkpoint saved to checkpoint.pth
2025-12-19 14:28:38,313 - INFO - Episode 3000, Total Reward: -157.45, Epsilon: 0.22, Steps: 300
2025-12-19 14:28:38,672 - INFO - Checkpoint saved to checkpoint.pth
2025-12-19 14:29:19,989 - INFO - Episode 3050, Total Reward: -218.55, Epsilon: 0.22, Steps: 300
2025-12-19 14:29:20,327 - INFO - Checkpoint saved to checkpoint.pth
2025-12-19 14:30:06,759 - INFO - Episode 3100, Total Reward: 20.00, Epsilon: 0.21, Steps: 12
2025-12-19 14:30:06,834 - INFO - Checkpoint saved to checkpoint.pth
2025-12-19 14:30:47,739 - INFO - Episode 3150, Total Reward: -227.90, Epsilon: 0.21, Steps: 300
2025-12-19 14:30:47,836 - INFO - Checkpoint saved to checkpoint.pth
2025-12-19 14:31:26,811 - INFO - Episode 3200, Total Reward: -180.60, Epsilon: 0.20, Steps: 300
2025-12-19 14:31:26,871 - INFO - Checkpoint saved to checkpoint.pth
2025-12-19 14:32:07,813 - INFO - Episode 3250, Total Reward: -59.25, Epsilon: 0.20, Steps: 161
2025-12-19 14:32:07,878 - INFO - Checkpoint saved to checkpoint.pth
2025-12-19 14:32:46,624 - INFO - Episode 3300, Total Reward: -223.85, Epsilon: 0.19, Steps: 300
2025-12-19 14:32:46,706 - INFO - Checkpoint saved to checkpoint.pth
2025-12-19 14:33:25,870 - INFO - Episode 3350, Total Reward: -211.55, Epsilon: 0.19, Steps: 300
2025-12-19 14:33:25,964 - INFO - Checkpoint saved to checkpoint.pth
2025-12-19 14:34:03,914 - INFO - Episode 3400, Total Reward: -82.60, Epsilon: 0.18, Steps: 168
2025-12-19 14:34:03,993 - INFO - Checkpoint saved to checkpoint.pth
2025-12-19 14:34:45,118 - INFO - Episode 3450, Total Reward: 13.60, Epsilon: 0.18, Steps: 25
2025-12-19 14:34:45,212 - INFO - Checkpoint saved to checkpoint.pth
2025-12-19 14:35:23,334 - INFO - Episode 3500, Total Reward: 17.90, Epsilon: 0.17, Steps: 12
2025-12-19 14:35:23,430 - INFO - Checkpoint saved to checkpoint.pth
2025-12-19 14:36:07,409 - INFO - Episode 3550, Total Reward: -234.65, Epsilon: 0.17, Steps: 300
2025-12-19 14:36:07,508 - INFO - Checkpoint saved to checkpoint.pth
2025-12-19 14:36:41,037 - INFO - Episode 3600, Total Reward: -184.20, Epsilon: 0.17, Steps: 300
2025-12-19 14:36:41,132 - INFO - Checkpoint saved to checkpoint.pth
2025-12-19 14:37:19,549 - INFO - Episode 3650, Total Reward: -106.85, Epsilon: 0.16, Steps: 213
2025-12-19 14:37:19,642 - INFO - Checkpoint saved to checkpoint.pth
2025-12-19 14:37:55,430 - INFO - Episode 3700, Total Reward: -215.65, Epsilon: 0.16, Steps: 300
2025-12-19 14:37:55,517 - INFO - Checkpoint saved to checkpoint.pth
2025-12-19 14:38:36,502 - INFO - Episode 3750, Total Reward: -208.00, Epsilon: 0.15, Steps: 300
2025-12-19 14:38:36,585 - INFO - Checkpoint saved to checkpoint.pth
2025-12-19 14:39:13,533 - INFO - Episode 3800, Total Reward: -198.35, Epsilon: 0.15, Steps: 300
2025-12-19 14:39:13,644 - INFO - Checkpoint saved to checkpoint.pth
2025-12-19 14:39:55,182 - INFO - Episode 3850, Total Reward: -162.50, Epsilon: 0.15, Steps: 300
2025-12-19 14:39:55,308 - INFO - Checkpoint saved to checkpoint.pth
2025-12-19 14:40:39,798 - INFO - Episode 3900, Total Reward: -183.75, Epsilon: 0.14, Steps: 300
2025-12-19 14:40:39,868 - INFO - Checkpoint saved to checkpoint.pth
2025-12-19 14:41:15,580 - INFO - Episode 3950, Total Reward: 16.60, Epsilon: 0.14, Steps: 17
2025-12-19 14:41:15,653 - INFO - Checkpoint saved to checkpoint.pth
2025-12-19 14:41:49,249 - INFO - Episode 4000, Total Reward: -8.45, Epsilon: 0.14, Steps: 43
2025-12-19 14:41:49,369 - INFO - Checkpoint saved to checkpoint.pth
2025-12-19 14:42:32,377 - INFO - Episode 4050, Total Reward: 20.95, Epsilon: 0.13, Steps: 20
2025-12-19 14:42:32,461 - INFO - Checkpoint saved to checkpoint.pth
2025-12-19 14:43:08,394 - INFO - Episode 4100, Total Reward: -203.05, Epsilon: 0.13, Steps: 300
2025-12-19 14:43:08,480 - INFO - Checkpoint saved to checkpoint.pth
2025-12-19 14:43:48,691 - INFO - Episode 4150, Total Reward: -228.05, Epsilon: 0.13, Steps: 300
2025-12-19 14:43:48,766 - INFO - Checkpoint saved to checkpoint.pth
2025-12-19 14:44:21,953 - INFO - Episode 4200, Total Reward: -167.10, Epsilon: 0.12, Steps: 300
2025-12-19 14:44:22,035 - INFO - Checkpoint saved to checkpoint.pth
2025-12-19 14:44:59,575 - INFO - Episode 4250, Total Reward: -186.50, Epsilon: 0.12, Steps: 300
2025-12-19 14:44:59,674 - INFO - Checkpoint saved to checkpoint.pth
2025-12-19 14:45:38,681 - INFO - Episode 4300, Total Reward: -178.90, Epsilon: 0.12, Steps: 300
2025-12-19 14:45:38,813 - INFO - Checkpoint saved to checkpoint.pth
2025-12-19 14:46:20,652 - INFO - Episode 4350, Total Reward: 18.75, Epsilon: 0.11, Steps: 18
2025-12-19 14:46:20,772 - INFO - Checkpoint saved to checkpoint.pth
2025-12-19 14:46:58,398 - INFO - Episode 4400, Total Reward: 0.20, Epsilon: 0.11, Steps: 37
2025-12-19 14:46:58,494 - INFO - Checkpoint saved to checkpoint.pth
2025-12-19 14:47:35,343 - INFO - Episode 4450, Total Reward: -200.50, Epsilon: 0.11, Steps: 300
2025-12-19 14:47:35,412 - INFO - Checkpoint saved to checkpoint.pth
2025-12-19 14:48:08,663 - INFO - Episode 4500, Total Reward: -57.20, Epsilon: 0.11, Steps: 111
2025-12-19 14:48:08,744 - INFO - Checkpoint saved to checkpoint.pth
2025-12-19 14:48:41,233 - INFO - Episode 4550, Total Reward: -192.05, Epsilon: 0.10, Steps: 300
2025-12-19 14:48:41,302 - INFO - Checkpoint saved to checkpoint.pth
2025-12-19 14:49:23,690 - INFO - Episode 4600, Total Reward: -190.00, Epsilon: 0.10, Steps: 300
2025-12-19 14:49:23,758 - INFO - Checkpoint saved to checkpoint.pth
2025-12-19 14:50:02,368 - INFO - Episode 4650, Total Reward: 20.05, Epsilon: 0.10, Steps: 13
2025-12-19 14:50:02,452 - INFO - Checkpoint saved to checkpoint.pth
2025-12-19 14:50:36,803 - INFO - Episode 4700, Total Reward: -228.00, Epsilon: 0.10, Steps: 300
2025-12-19 14:50:36,897 - INFO - Checkpoint saved to checkpoint.pth
2025-12-19 14:51:06,178 - INFO - Episode 4750, Total Reward: -2.80, Epsilon: 0.09, Steps: 41
2025-12-19 14:51:06,273 - INFO - Checkpoint saved to checkpoint.pth
2025-12-19 14:51:36,882 - INFO - Episode 4800, Total Reward: -162.05, Epsilon: 0.09, Steps: 249
2025-12-19 14:51:36,972 - INFO - Checkpoint saved to checkpoint.pth
2025-12-19 14:52:13,769 - INFO - Episode 4850, Total Reward: -143.95, Epsilon: 0.09, Steps: 300
2025-12-19 14:52:13,851 - INFO - Checkpoint saved to checkpoint.pth
2025-12-19 14:52:49,497 - INFO - Episode 4900, Total Reward: -51.50, Epsilon: 0.09, Steps: 125
2025-12-19 14:52:49,621 - INFO - Checkpoint saved to checkpoint.pth
2025-12-19 14:53:27,520 - INFO - Episode 4950, Total Reward: -65.70, Epsilon: 0.08, Steps: 134
2025-12-19 14:53:27,600 - INFO - Checkpoint saved to checkpoint.pth
2025-12-19 14:54:03,242 - INFO - Training complete. Model saved to maze_dqn_model.pth
2025-12-19 14:54:03,491 - INFO - Training rewards plot saved to training_rewards.png
2025-12-19 14:57:13,541 - INFO - Running on device: cuda
2025-12-19 14:57:14,204 - INFO - Starting training from episode 0...
2025-12-19 14:57:15,049 - INFO - Episode 0, Total Reward: -203.20, Epsilon: 1.00, Steps: 300
2025-12-19 14:57:15,117 - INFO - Checkpoint saved to checkpoint.pth
2025-12-19 14:58:00,008 - INFO - Episode 50, Total Reward: -197.30, Epsilon: 0.97, Steps: 300
2025-12-19 14:58:00,129 - INFO - Checkpoint saved to checkpoint.pth
2025-12-19 14:58:44,330 - INFO - Episode 100, Total Reward: -217.00, Epsilon: 0.95, Steps: 300
2025-12-19 14:58:44,419 - INFO - Checkpoint saved to checkpoint.pth
2025-12-19 14:59:29,241 - INFO - Episode 150, Total Reward: -203.10, Epsilon: 0.93, Steps: 300
2025-12-19 14:59:29,330 - INFO - Checkpoint saved to checkpoint.pth
2025-12-19 15:00:15,732 - INFO - Episode 200, Total Reward: -224.70, Epsilon: 0.90, Steps: 300
2025-12-19 15:00:15,821 - INFO - Checkpoint saved to checkpoint.pth
2025-12-19 15:00:58,838 - INFO - Episode 250, Total Reward: -217.70, Epsilon: 0.88, Steps: 300
2025-12-19 15:00:58,946 - INFO - Checkpoint saved to checkpoint.pth
2025-12-19 15:01:41,115 - INFO - Episode 300, Total Reward: -206.25, Epsilon: 0.86, Steps: 300
2025-12-19 15:01:41,211 - INFO - Checkpoint saved to checkpoint.pth
2025-12-19 15:02:23,414 - INFO - Episode 350, Total Reward: -198.90, Epsilon: 0.84, Steps: 300
2025-12-19 15:02:23,517 - INFO - Checkpoint saved to checkpoint.pth
2025-12-19 15:03:05,348 - INFO - Episode 400, Total Reward: -203.30, Epsilon: 0.82, Steps: 300
2025-12-19 15:03:05,489 - INFO - Checkpoint saved to checkpoint.pth
2025-12-19 15:03:44,647 - INFO - Episode 450, Total Reward: -218.25, Epsilon: 0.80, Steps: 300
2025-12-19 15:03:44,788 - INFO - Checkpoint saved to checkpoint.pth
2025-12-19 15:04:23,744 - INFO - Episode 500, Total Reward: -192.90, Epsilon: 0.78, Steps: 300
2025-12-19 15:04:23,850 - INFO - Checkpoint saved to checkpoint.pth
2025-12-19 15:05:03,054 - INFO - Episode 550, Total Reward: -224.65, Epsilon: 0.76, Steps: 300
2025-12-19 15:05:03,197 - INFO - Checkpoint saved to checkpoint.pth
2025-12-19 15:05:45,053 - INFO - Episode 600, Total Reward: -120.95, Epsilon: 0.74, Steps: 236
2025-12-19 15:05:45,189 - INFO - Checkpoint saved to checkpoint.pth
2025-12-19 15:06:27,202 - INFO - Episode 650, Total Reward: -205.95, Epsilon: 0.72, Steps: 300
2025-12-19 15:06:27,271 - INFO - Checkpoint saved to checkpoint.pth
2025-12-19 15:07:05,263 - INFO - Episode 700, Total Reward: -65.50, Epsilon: 0.70, Steps: 135
2025-12-19 15:07:05,402 - INFO - Checkpoint saved to checkpoint.pth
2025-12-19 15:07:46,545 - INFO - Episode 750, Total Reward: -190.55, Epsilon: 0.69, Steps: 300
2025-12-19 15:07:46,650 - INFO - Checkpoint saved to checkpoint.pth
2025-12-19 15:08:27,061 - INFO - Episode 800, Total Reward: -180.20, Epsilon: 0.67, Steps: 300
2025-12-19 15:08:27,163 - INFO - Checkpoint saved to checkpoint.pth
2025-12-19 15:09:08,104 - INFO - Episode 850, Total Reward: -184.05, Epsilon: 0.65, Steps: 300
2025-12-19 15:09:08,245 - INFO - Checkpoint saved to checkpoint.pth
2025-12-19 15:09:48,414 - INFO - Episode 900, Total Reward: -180.55, Epsilon: 0.64, Steps: 300
2025-12-19 15:09:48,506 - INFO - Checkpoint saved to checkpoint.pth
2025-12-19 15:10:28,999 - INFO - Episode 950, Total Reward: -198.20, Epsilon: 0.62, Steps: 300
2025-12-19 15:10:29,088 - INFO - Checkpoint saved to checkpoint.pth
2025-12-19 15:11:06,823 - INFO - Episode 1000, Total Reward: -19.05, Epsilon: 0.61, Steps: 54
2025-12-19 15:11:06,941 - INFO - Checkpoint saved to checkpoint.pth
2025-12-19 15:11:45,843 - INFO - Episode 1050, Total Reward: -183.25, Epsilon: 0.59, Steps: 300
2025-12-19 15:11:46,004 - INFO - Checkpoint saved to checkpoint.pth
2025-12-19 15:12:24,852 - INFO - Episode 1100, Total Reward: -204.10, Epsilon: 0.58, Steps: 300
2025-12-19 15:12:24,926 - INFO - Checkpoint saved to checkpoint.pth
2025-12-19 15:13:01,801 - INFO - Episode 1150, Total Reward: -192.05, Epsilon: 0.56, Steps: 300
2025-12-19 15:13:01,942 - INFO - Checkpoint saved to checkpoint.pth
2025-12-19 15:13:40,041 - INFO - Episode 1200, Total Reward: -177.50, Epsilon: 0.55, Steps: 300
2025-12-19 15:13:40,180 - INFO - Checkpoint saved to checkpoint.pth
2025-12-19 15:14:14,372 - INFO - Episode 1250, Total Reward: -4.85, Epsilon: 0.53, Steps: 58
2025-12-19 15:14:14,513 - INFO - Checkpoint saved to checkpoint.pth
2025-12-19 15:14:54,584 - INFO - Episode 1300, Total Reward: -226.90, Epsilon: 0.52, Steps: 300
2025-12-19 15:14:54,726 - INFO - Checkpoint saved to checkpoint.pth
2025-12-19 15:15:34,139 - INFO - Episode 1350, Total Reward: -200.60, Epsilon: 0.51, Steps: 300
2025-12-19 15:15:34,220 - INFO - Checkpoint saved to checkpoint.pth
2025-12-19 15:16:14,353 - INFO - Episode 1400, Total Reward: -69.35, Epsilon: 0.50, Steps: 119
2025-12-19 15:16:14,497 - INFO - Checkpoint saved to checkpoint.pth
2025-12-19 15:16:53,509 - INFO - Episode 1450, Total Reward: -197.45, Epsilon: 0.48, Steps: 300
2025-12-19 15:16:53,602 - INFO - Checkpoint saved to checkpoint.pth
2025-12-19 15:17:30,970 - INFO - Episode 1500, Total Reward: -190.05, Epsilon: 0.47, Steps: 300
2025-12-19 15:17:31,055 - INFO - Checkpoint saved to checkpoint.pth
2025-12-19 15:18:06,457 - INFO - Episode 1550, Total Reward: -169.30, Epsilon: 0.46, Steps: 300
2025-12-19 15:18:06,565 - INFO - Checkpoint saved to checkpoint.pth
2025-12-19 15:18:43,426 - INFO - Episode 1600, Total Reward: -15.05, Epsilon: 0.45, Steps: 60
2025-12-19 15:18:43,558 - INFO - Checkpoint saved to checkpoint.pth
2025-12-19 15:19:24,530 - INFO - Episode 1650, Total Reward: -182.05, Epsilon: 0.44, Steps: 300
2025-12-19 15:19:24,614 - INFO - Checkpoint saved to checkpoint.pth
2025-12-19 15:20:00,851 - INFO - Episode 1700, Total Reward: -168.40, Epsilon: 0.43, Steps: 300
2025-12-19 15:20:00,996 - INFO - Checkpoint saved to checkpoint.pth
2025-12-19 15:20:39,263 - INFO - Episode 1750, Total Reward: -5.40, Epsilon: 0.42, Steps: 59
2025-12-19 15:20:39,400 - INFO - Checkpoint saved to checkpoint.pth
2025-12-19 15:21:15,944 - INFO - Episode 1800, Total Reward: -183.35, Epsilon: 0.41, Steps: 300
2025-12-19 15:21:16,092 - INFO - Checkpoint saved to checkpoint.pth
2025-12-19 15:21:54,761 - INFO - Episode 1850, Total Reward: -162.25, Epsilon: 0.40, Steps: 300
2025-12-19 15:21:54,874 - INFO - Checkpoint saved to checkpoint.pth
2025-12-19 15:22:37,584 - INFO - Episode 1900, Total Reward: -183.85, Epsilon: 0.39, Steps: 300
2025-12-19 15:22:37,721 - INFO - Checkpoint saved to checkpoint.pth
2025-12-19 15:23:14,413 - INFO - Episode 1950, Total Reward: -246.55, Epsilon: 0.38, Steps: 300
2025-12-19 15:23:14,556 - INFO - Checkpoint saved to checkpoint.pth
2025-12-19 15:23:54,674 - INFO - Episode 2000, Total Reward: -200.95, Epsilon: 0.37, Steps: 300
2025-12-19 15:23:54,822 - INFO - Checkpoint saved to checkpoint.pth
2025-12-19 15:24:31,824 - INFO - Episode 2050, Total Reward: -15.20, Epsilon: 0.36, Steps: 71
2025-12-19 15:24:31,927 - INFO - Checkpoint saved to checkpoint.pth
2025-12-19 15:25:07,753 - INFO - Episode 2100, Total Reward: -36.90, Epsilon: 0.35, Steps: 91
2025-12-19 15:25:08,226 - INFO - Checkpoint saved to checkpoint.pth
2025-12-19 15:25:48,453 - INFO - Episode 2150, Total Reward: -167.60, Epsilon: 0.34, Steps: 300
2025-12-19 15:25:48,564 - INFO - Checkpoint saved to checkpoint.pth
2025-12-19 15:26:24,545 - INFO - Episode 2200, Total Reward: -76.55, Epsilon: 0.33, Steps: 183
2025-12-19 15:26:24,634 - INFO - Checkpoint saved to checkpoint.pth
2025-12-19 15:27:03,346 - INFO - Episode 2250, Total Reward: -228.85, Epsilon: 0.32, Steps: 300
2025-12-19 15:27:03,422 - INFO - Checkpoint saved to checkpoint.pth
2025-12-19 15:27:38,255 - INFO - Episode 2300, Total Reward: -259.15, Epsilon: 0.32, Steps: 300
2025-12-19 15:27:38,398 - INFO - Checkpoint saved to checkpoint.pth
2025-12-19 15:28:13,178 - INFO - Episode 2350, Total Reward: -218.90, Epsilon: 0.31, Steps: 300
2025-12-19 15:28:13,310 - INFO - Checkpoint saved to checkpoint.pth
2025-12-19 15:28:47,761 - INFO - Episode 2400, Total Reward: -179.40, Epsilon: 0.30, Steps: 300
2025-12-19 15:28:47,838 - INFO - Checkpoint saved to checkpoint.pth
2025-12-19 15:29:26,487 - INFO - Episode 2450, Total Reward: -160.10, Epsilon: 0.29, Steps: 300
2025-12-19 15:29:26,563 - INFO - Checkpoint saved to checkpoint.pth
2025-12-19 15:29:58,913 - INFO - Episode 2500, Total Reward: -195.80, Epsilon: 0.29, Steps: 300
2025-12-19 15:29:59,002 - INFO - Checkpoint saved to checkpoint.pth
2025-12-19 15:30:36,309 - INFO - Episode 2550, Total Reward: -207.55, Epsilon: 0.28, Steps: 300
2025-12-19 15:30:36,664 - INFO - Checkpoint saved to checkpoint.pth
2025-12-19 15:31:15,723 - INFO - Episode 2600, Total Reward: 6.05, Epsilon: 0.27, Steps: 35
2025-12-19 15:31:15,851 - INFO - Checkpoint saved to checkpoint.pth
2025-12-19 15:31:52,501 - INFO - Episode 2650, Total Reward: -188.70, Epsilon: 0.27, Steps: 300
2025-12-19 15:31:52,628 - INFO - Checkpoint saved to checkpoint.pth
2025-12-19 15:32:28,265 - INFO - Episode 2700, Total Reward: -184.20, Epsilon: 0.26, Steps: 300
2025-12-19 15:32:28,395 - INFO - Checkpoint saved to checkpoint.pth
2025-12-19 15:33:05,697 - INFO - Episode 2750, Total Reward: -167.30, Epsilon: 0.25, Steps: 300
2025-12-19 15:33:05,824 - INFO - Checkpoint saved to checkpoint.pth
2025-12-19 15:33:41,906 - INFO - Episode 2800, Total Reward: -167.20, Epsilon: 0.25, Steps: 300
2025-12-19 15:33:42,005 - INFO - Checkpoint saved to checkpoint.pth
2025-12-19 15:34:20,177 - INFO - Episode 2850, Total Reward: -232.45, Epsilon: 0.24, Steps: 300
2025-12-19 15:34:20,243 - INFO - Checkpoint saved to checkpoint.pth
2025-12-19 15:35:00,787 - INFO - Episode 2900, Total Reward: -215.95, Epsilon: 0.23, Steps: 300
2025-12-19 15:35:00,846 - INFO - Checkpoint saved to checkpoint.pth
2025-12-19 15:35:42,374 - INFO - Episode 2950, Total Reward: -226.80, Epsilon: 0.23, Steps: 300
2025-12-19 15:35:42,472 - INFO - Checkpoint saved to checkpoint.pth
2025-12-19 15:36:19,948 - INFO - Episode 3000, Total Reward: 17.15, Epsilon: 0.22, Steps: 20
2025-12-19 15:36:20,043 - INFO - Checkpoint saved to checkpoint.pth
2025-12-19 15:36:59,668 - INFO - Episode 3050, Total Reward: -53.45, Epsilon: 0.22, Steps: 130
2025-12-19 15:36:59,766 - INFO - Checkpoint saved to checkpoint.pth
2025-12-19 15:37:32,494 - INFO - Episode 3100, Total Reward: -111.15, Epsilon: 0.21, Steps: 177
2025-12-19 15:37:32,601 - INFO - Checkpoint saved to checkpoint.pth
2025-12-19 15:38:09,107 - INFO - Episode 3150, Total Reward: -202.75, Epsilon: 0.21, Steps: 300
2025-12-19 15:38:09,240 - INFO - Checkpoint saved to checkpoint.pth
2025-12-19 15:38:44,279 - INFO - Episode 3200, Total Reward: -194.75, Epsilon: 0.20, Steps: 300
2025-12-19 15:38:44,411 - INFO - Checkpoint saved to checkpoint.pth
2025-12-19 15:39:22,970 - INFO - Episode 3250, Total Reward: -170.70, Epsilon: 0.20, Steps: 300
2025-12-19 15:39:23,045 - INFO - Checkpoint saved to checkpoint.pth
2025-12-19 15:39:55,464 - INFO - Episode 3300, Total Reward: 19.45, Epsilon: 0.19, Steps: 11
2025-12-19 15:39:55,549 - INFO - Checkpoint saved to checkpoint.pth
2025-12-19 15:40:33,402 - INFO - Episode 3350, Total Reward: -29.90, Epsilon: 0.19, Steps: 105
2025-12-19 15:40:33,534 - INFO - Checkpoint saved to checkpoint.pth
2025-12-19 15:41:07,594 - INFO - Episode 3400, Total Reward: 19.65, Epsilon: 0.18, Steps: 16
2025-12-19 15:41:07,692 - INFO - Checkpoint saved to checkpoint.pth
2025-12-19 15:41:49,360 - INFO - Episode 3450, Total Reward: -161.25, Epsilon: 0.18, Steps: 300
2025-12-19 15:41:49,492 - INFO - Checkpoint saved to checkpoint.pth
2025-12-19 15:42:24,241 - INFO - Episode 3500, Total Reward: -93.65, Epsilon: 0.17, Steps: 212
2025-12-19 15:42:24,377 - INFO - Checkpoint saved to checkpoint.pth
2025-12-19 15:43:00,737 - INFO - Episode 3550, Total Reward: -213.35, Epsilon: 0.17, Steps: 300
2025-12-19 15:43:00,869 - INFO - Checkpoint saved to checkpoint.pth
2025-12-19 15:43:34,759 - INFO - Episode 3600, Total Reward: 19.40, Epsilon: 0.17, Steps: 22
2025-12-19 15:43:34,854 - INFO - Checkpoint saved to checkpoint.pth
2025-12-19 15:44:09,020 - INFO - Episode 3650, Total Reward: -175.45, Epsilon: 0.16, Steps: 300
2025-12-19 15:44:09,159 - INFO - Checkpoint saved to checkpoint.pth
2025-12-19 15:44:42,931 - INFO - Episode 3700, Total Reward: -17.65, Epsilon: 0.16, Steps: 103
2025-12-19 15:44:43,028 - INFO - Checkpoint saved to checkpoint.pth
2025-12-19 15:45:17,942 - INFO - Episode 3750, Total Reward: 10.30, Epsilon: 0.15, Steps: 17
2025-12-19 15:45:18,066 - INFO - Checkpoint saved to checkpoint.pth
2025-12-19 15:45:49,036 - INFO - Episode 3800, Total Reward: -9.05, Epsilon: 0.15, Steps: 55
2025-12-19 15:45:49,168 - INFO - Checkpoint saved to checkpoint.pth
2025-12-19 15:46:24,877 - INFO - Episode 3850, Total Reward: -153.30, Epsilon: 0.15, Steps: 300
2025-12-19 15:46:24,953 - INFO - Checkpoint saved to checkpoint.pth
2025-12-19 15:46:59,119 - INFO - Episode 3900, Total Reward: -194.05, Epsilon: 0.14, Steps: 300
2025-12-19 15:46:59,239 - INFO - Checkpoint saved to checkpoint.pth
2025-12-19 15:47:34,852 - INFO - Episode 3950, Total Reward: -188.35, Epsilon: 0.14, Steps: 268
2025-12-19 15:47:34,984 - INFO - Checkpoint saved to checkpoint.pth
2025-12-19 15:48:10,296 - INFO - Episode 4000, Total Reward: -221.25, Epsilon: 0.14, Steps: 300
2025-12-19 15:48:10,433 - INFO - Checkpoint saved to checkpoint.pth
2025-12-19 15:48:46,346 - INFO - Episode 4050, Total Reward: -207.65, Epsilon: 0.13, Steps: 300
2025-12-19 15:48:46,475 - INFO - Checkpoint saved to checkpoint.pth
2025-12-19 15:49:17,550 - INFO - Episode 4100, Total Reward: -72.80, Epsilon: 0.13, Steps: 138
2025-12-19 15:49:17,685 - INFO - Checkpoint saved to checkpoint.pth
2025-12-19 15:49:51,688 - INFO - Episode 4150, Total Reward: -23.35, Epsilon: 0.13, Steps: 61
2025-12-19 15:49:51,817 - INFO - Checkpoint saved to checkpoint.pth
2025-12-19 15:50:27,603 - INFO - Episode 4200, Total Reward: -50.70, Epsilon: 0.12, Steps: 160
2025-12-19 15:50:27,691 - INFO - Checkpoint saved to checkpoint.pth
2025-12-19 15:51:02,797 - INFO - Episode 4250, Total Reward: -261.45, Epsilon: 0.12, Steps: 300
2025-12-19 15:51:02,858 - INFO - Checkpoint saved to checkpoint.pth
2025-12-19 15:51:39,764 - INFO - Episode 4300, Total Reward: -2.05, Epsilon: 0.12, Steps: 65
2025-12-19 15:51:39,844 - INFO - Checkpoint saved to checkpoint.pth
2025-12-19 15:52:16,618 - INFO - Episode 4350, Total Reward: -173.70, Epsilon: 0.11, Steps: 300
2025-12-19 15:52:16,698 - INFO - Checkpoint saved to checkpoint.pth
2025-12-19 15:52:20,481 - INFO - Running on device: cuda
2025-12-19 15:52:56,103 - INFO - Episode 4400, Total Reward: -173.30, Epsilon: 0.11, Steps: 300
2025-12-19 15:52:56,217 - INFO - Checkpoint saved to checkpoint.pth
2025-12-19 15:53:30,136 - INFO - Episode 4450, Total Reward: -207.75, Epsilon: 0.11, Steps: 300
2025-12-19 15:53:30,222 - INFO - Checkpoint saved to checkpoint.pth
2025-12-19 15:54:14,848 - INFO - Episode 4500, Total Reward: -243.90, Epsilon: 0.11, Steps: 300
2025-12-19 15:54:14,935 - INFO - Checkpoint saved to checkpoint.pth
2025-12-19 15:54:49,433 - INFO - Episode 4550, Total Reward: 18.25, Epsilon: 0.10, Steps: 8
2025-12-19 15:54:49,520 - INFO - Checkpoint saved to checkpoint.pth
2025-12-19 15:55:22,535 - INFO - Episode 4600, Total Reward: -214.85, Epsilon: 0.10, Steps: 300
2025-12-19 15:55:22,622 - INFO - Checkpoint saved to checkpoint.pth
2025-12-19 15:55:58,841 - INFO - Episode 4650, Total Reward: -210.10, Epsilon: 0.10, Steps: 300
2025-12-19 15:55:58,908 - INFO - Checkpoint saved to checkpoint.pth
2025-12-19 15:56:39,326 - INFO - Episode 4700, Total Reward: -9.05, Epsilon: 0.10, Steps: 78
2025-12-19 15:56:39,401 - INFO - Checkpoint saved to checkpoint.pth
2025-12-19 15:57:14,087 - INFO - Running on device: cuda
2025-12-19 15:57:17,609 - INFO - Episode 4750, Total Reward: -249.95, Epsilon: 0.09, Steps: 300
2025-12-19 15:57:17,692 - INFO - Checkpoint saved to checkpoint.pth
2025-12-19 15:58:02,309 - INFO - Episode 4800, Total Reward: -41.60, Epsilon: 0.09, Steps: 83
2025-12-19 15:58:02,684 - INFO - Checkpoint saved to checkpoint.pth
2025-12-19 15:58:38,472 - INFO - Episode 4850, Total Reward: -16.25, Epsilon: 0.09, Steps: 87
2025-12-19 15:58:38,843 - INFO - Checkpoint saved to checkpoint.pth
2025-12-19 15:59:15,321 - INFO - Episode 4900, Total Reward: -281.05, Epsilon: 0.09, Steps: 300
2025-12-19 15:59:15,436 - INFO - Checkpoint saved to checkpoint.pth
